<?xml version="1.0" encoding="UTF-8"?>
<!-- Generated by org.testng.reporters.JUnitXMLReporter -->
<testsuite ignored="0" hostname="QA-TRATHI" failures="0" tests="6" name="Surefire test" time="0.026" errors="0" timestamp="2022-04-04T09:42:11 GMT+05:30">
  <testcase classname="SeleniumTest" name="mobileLoginOut" time="0.003"/>
  <testcase classname="SeleniumTest" name="mobileSignup" time="0.0"/>
  <testcase classname="Tasty.AppiumTest" name="getTest" time="0.001"/>
  <testcase classname="Tasty.AppiumTest" name="getTest2" time="0.0"/>
  <testcase classname="Tasty.AppiumTest" name="getTest3" time="0.0"/>
  <testcase classname="Tasty.AppiumTest" name="getTest4" time="0.0"/>
</testsuite> <!-- Surefire test -->
