<?xml version="1.0" encoding="UTF-8"?>
<!-- Generated by org.testng.reporters.JUnitXMLReporter -->
<testsuite ignored="4" hostname="QA-TRATHI" failures="0" tests="0" time="0.003" errors="0" timestamp="2022-04-04T10:37:48 GMT+05:30">
  <testcase classname="Tasty.AppiumTest" name="getTest2" time="0.0">
    <ignored/>
  </testcase> <!-- getTest2 -->
  <testcase classname="Tasty.AppiumTest" name="getTest" time="0.0">
    <ignored/>
  </testcase> <!-- getTest -->
  <testcase classname="Tasty.AppiumTest" name="getTest4" time="0.0">
    <ignored/>
  </testcase> <!-- getTest4 -->
  <testcase classname="Tasty.AppiumTest" name="getTest3" time="0.0">
    <ignored/>
  </testcase> <!-- getTest3 -->
</testsuite>
