<?xml version="1.0" encoding="UTF-8"?>
<!-- Generated by org.testng.reporters.JUnitXMLReporter -->
<testsuite ignored="0" hostname="QA-TRATHI" failures="1" tests="1" name="Surefire test" time="5.472" errors="0" timestamp="2022-05-02T15:23:39 GMT+05:30">
  <testcase classname="Academy.ValidateTitle" name="homePageTitle" time="0.027">
    <failure type="java.lang.AssertionError" message="expected [Featured Courses11] but found [Featured Courses]">
      <![CDATA[java.lang.AssertionError: expected [Featured Courses11] but found [Featured Courses]
at Academy.ValidateTitle.homePageTitle(ValidateTitle.java:29)
at java.base/java.util.ArrayList.forEach(ArrayList.java:1541)
... Removed 38 stack frames]]>
    </failure>
  </testcase> <!-- homePageTitle -->
</testsuite> <!-- Surefire test -->
