<?xml version="1.0" encoding="UTF-8" ?>
<testsuite tests="6" failures="0" name="TestSuite" time="0.004" errors="0" skipped="0">
  <properties>
[...]
</properties>
  <testcase classname="Tasty.AppiumTest" name="getTest" time="0.004"/>
  <testcase classname="Tasty.AppiumTest" name="getTest2" time="0"/>
  <testcase classname="Tasty.AppiumTest" name="getTest3" time="0"/>
  <testcase classname="Tasty.AppiumTest" name="getTest4" time="0"/>
  <testcase classname="Tasty.SeleniumTest" name="mobileLoginOut" time="0"/>
  <testcase classname="Tasty.SeleniumTest" name="mobileSignup" time="0"/>
</testsuite>